<?xml version="1.0" encoding="UTF-8"?>
<!-- Generated by org.testng.reporters.JUnitReportReporter -->
<testsuite hostname="Surajs-MBP.attlocal.net" name="org.wellaware.test.auto.TestWikipediaPage" tests="1" failures="0" timestamp="9 Apr 2015 03:55:53 GMT" time="3.882" errors="0">
  <testcase name="assertValueMatchesSelection" time="3.882" classname="org.wellaware.test.auto.TestWikipediaPage"/>
</testsuite> <!-- org.wellaware.test.auto.TestWikipediaPage -->
