<?xml version="1.0" encoding="UTF-8"?>
<!-- Generated by org.testng.reporters.JUnitReportReporter -->
<testsuite hostname="AUSANX5811" name="org.wellaware.test.auto.TestWikiTestAutomationPage" tests="2" failures="0" timestamp="9 Apr 2015 22:19:41 GMT" time="13.715" errors="0">
  <testcase name="testOverviewHeaderExists" time="0.089" classname="org.wellaware.test.auto.TestWikiTestAutomationPage"/>
  <testcase name="testCodeDrivenTestingHeaderExists" time="13.626" classname="org.wellaware.test.auto.TestWikiTestAutomationPage"/>
</testsuite> <!-- org.wellaware.test.auto.TestWikiTestAutomationPage -->
