<?xml version="1.0" encoding="UTF-8"?>
<!-- Generated by org.testng.reporters.JUnitReportReporter -->
<testsuite hostname="Surajs-MBP.attlocal.net" name="org.wellaware.test.auto.TestTestAutomationPage" tests="2" failures="0" timestamp="9 Apr 2015 04:44:51 GMT" time="3.546" errors="0">
  <testcase name="verifyHeaderOverview" time="3.536" classname="org.wellaware.test.auto.TestTestAutomationPage"/>
  <testcase name="verifyHeaderCodeDrivenTesting" time="0.010" classname="org.wellaware.test.auto.TestTestAutomationPage"/>
</testsuite> <!-- org.wellaware.test.auto.TestTestAutomationPage -->
