<?xml version="1.0" encoding="UTF-8"?>
<!-- Generated by org.testng.reporters.JUnitReportReporter -->
<testsuite hostname="AUSANX5811" name="org.wellaware.test.auto.TestWikiContinuousDeliveryPage" tests="1" failures="0" timestamp="9 Apr 2015 19:57:39 GMT" time="21.933" errors="0">
  <testcase name="assertValueMatchesSelection" time="21.933" classname="org.wellaware.test.auto.TestWikiContinuousDeliveryPage"/>
</testsuite> <!-- org.wellaware.test.auto.TestWikiContinuousDeliveryPage -->
