<?xml version="1.0" encoding="UTF-8"?>
<!-- Generated by org.testng.reporters.JUnitReportReporter -->
<testsuite hostname="AUSANX5811" name="org.wellaware.test.auto.TestTestAutomationPage" tests="2" failures="0" timestamp="8 Apr 2015 22:00:15 GMT" time="0.000" errors="0">
  <testcase name="verifyHeaderOverview" time="0.000" classname="org.wellaware.test.auto.TestTestAutomationPage"/>
  <testcase name="verifyHeaderCodeDrivenTesting" time="0.000" classname="org.wellaware.test.auto.TestTestAutomationPage"/>
</testsuite> <!-- org.wellaware.test.auto.TestTestAutomationPage -->
