<?xml version="1.0" encoding="UTF-8"?>
<!-- Generated by org.testng.reporters.JUnitReportReporter -->
<testsuite hostname="Surajs-MBP.attlocal.net" name="org.wellaware.test.auto.TestAutomatedPageConfigurator" tests="1" failures="0" timestamp="9 Apr 2015 02:23:43 GMT" time="6.910" errors="0">
  <testcase name="assertValueMatchesSelection" time="6.910" classname="org.wellaware.test.auto.TestAutomatedPageConfigurator"/>
</testsuite> <!-- org.wellaware.test.auto.TestAutomatedPageConfigurator -->
