<?xml version="1.0" encoding="UTF-8"?>
<!-- Generated by org.testng.reporters.JUnitReportReporter -->
<testsuite hostname="AUSANX5811" name="org.wellaware.test.auto.TestWikipediaPage" tests="1" failures="0" timestamp="8 Apr 2015 22:00:15 GMT" time="0.792" errors="0">
  <testcase name="assertValueMatchesSelection" time="0.792" classname="org.wellaware.test.auto.TestWikipediaPage"/>
</testsuite> <!-- org.wellaware.test.auto.TestWikipediaPage -->
