<?xml version="1.0" encoding="UTF-8"?>
<!-- Generated by org.testng.reporters.JUnitReportReporter -->
<testsuite hostname="AUSANX5811" name="org.wellaware.test.auto.TestAutomatedPageConfigurator" tests="1" failures="0" timestamp="7 Apr 2015 22:31:38 GMT" time="2.008" errors="0">
  <testcase name="assertValueMatchesSelection" time="2.008" classname="org.wellaware.test.auto.TestAutomatedPageConfigurator"/>
</testsuite> <!-- org.wellaware.test.auto.TestAutomatedPageConfigurator -->
