<?xml version="1.0" encoding="UTF-8"?>
<!-- Generated by org.testng.reporters.JUnitReportReporter -->
<testsuite hostname="Surajs-MBP.attlocal.net" name="org.wellaware.test.auto.TestWikiTestAutomationPage" tests="2" failures="0" timestamp="9 Apr 2015 06:19:15 GMT" time="3.627" errors="0">
  <testcase name="verifyHeaderOverview" time="3.614" classname="org.wellaware.test.auto.TestWikiTestAutomationPage"/>
  <testcase name="verifyHeaderCodeDrivenTesting" time="0.013" classname="org.wellaware.test.auto.TestWikiTestAutomationPage"/>
</testsuite> <!-- org.wellaware.test.auto.TestWikiTestAutomationPage -->
