<?xml version="1.0" encoding="UTF-8"?>
<!-- Generated by org.testng.reporters.JUnitReportReporter -->
<testsuite hostname="Surajs-MBP.attlocal.net" name="org.wellaware.test.auto.TestWikiContinuousDeliveryPage" tests="1" failures="0" timestamp="9 Apr 2015 06:19:15 GMT" time="15.314" errors="0">
  <testcase name="assertValueMatchesSelection" time="15.314" classname="org.wellaware.test.auto.TestWikiContinuousDeliveryPage"/>
</testsuite> <!-- org.wellaware.test.auto.TestWikiContinuousDeliveryPage -->
