<?xml version="1.0" encoding="UTF-8"?>
<!-- Generated by org.testng.reporters.JUnitReportReporter -->
<testsuite hostname="AUSANX5811" name="org.wellaware.test.auto.TestAutomatedPageConfigurator" tests="1" failures="0" timestamp="9 Apr 2015 22:19:41 GMT" time="20.537" errors="0">
  <testcase name="testCodeMatchesExpected" time="20.537" classname="org.wellaware.test.auto.TestAutomatedPageConfigurator"/>
</testsuite> <!-- org.wellaware.test.auto.TestAutomatedPageConfigurator -->
