<?xml version="1.0" encoding="UTF-8"?>
<!-- Generated by org.testng.reporters.JUnitReportReporter -->
<testsuite hostname="Surajs-MBP.attlocal.net" name="org.wellaware.test.auto.TestAutomatedPageConfigurator" tests="1" failures="0" timestamp="8 Apr 2015 06:22:37 GMT" time="3.125" errors="0">
  <testcase name="assertValueMatchesSelection" time="3.125" classname="org.wellaware.test.auto.TestAutomatedPageConfigurator"/>
</testsuite> <!-- org.wellaware.test.auto.TestAutomatedPageConfigurator -->
